<?xml version="1.0" encoding="UTF-8"?>
<testng-results skipped="0" failed="0" ignored="0" total="1" passed="1">
  <reporter-output>
  </reporter-output>
  <suite name="Default suite" duration-ms="13005" started-at="2021-05-17T13:05:17 CDT" finished-at="2021-05-17T13:05:30 CDT">
    <groups>
    </groups>
    <test name="Default test" duration-ms="13005" started-at="2021-05-17T13:05:17 CDT" finished-at="2021-05-17T13:05:30 CDT">
      <class name="test.loginTest">
        <test-method status="PASS" signature="validUserloginPage()[pri:0, instance:test.loginTest@646d64ab]" name="validUserloginPage" duration-ms="12972" started-at="2021-05-17T13:05:17 CDT" finished-at="2021-05-17T13:05:30 CDT">
          <reporter-output>
          </reporter-output>
        </test-method> <!-- validUserloginPage -->
      </class> <!-- test.loginTest -->
    </test> <!-- Default test -->
  </suite> <!-- Default suite -->
</testng-results>
